Arguments: 
  /opt/homebrew/Cellar/node/19.6.0/bin/node /opt/homebrew/Cellar/yarn/1.22.19/libexec/bin/yarn.js --ignore-engines add rot.js

PATH: 
  /opt/homebrew/bin:/opt/homebrew/sbin:/usr/local/bin:/usr/local/sbin:/Users/nate/bin:/Users/nate/.yarn/bin:/Users/nate/.config/yarn/global/node_modules/.bin:/Users/nate/.rbenv/shims:/Users/nate/.pyenv/shims:/usr/local/bin:/Users/nate/.bin:/Users/nate/bin:/usr/local/CrossPack-AVR/bin:/usr/local/sbin:/usr/sbin:/sbin:/opt/X11/bin:/Users/nate/Applications:/Users/nate/bin:/Users/nate/Library/Haskell/bin:/Users/nate/.rvm/bin:/usr/local/bin:/usr/bin:/bin:/usr/local/opt/openjdk/bin:/opt/homebrew/Cellar/openjdk/19/libexec/openjdk.jdk/Contents/Home/bin:/Users/nate/.composer/vendor/bin:/Users/nate/.local/bin:/opt/homebrew/opt/python@3.10/libexec/bin:/Users/nate/Library/Python/2.7/bin:/usr/local/opt/libpq/bin:/opt/homebrew/bin:/opt/homebrew/sbin:/usr/local/bin:/usr/local/sbin:/Users/nate/bin:/usr/local/bin:/usr/bin:/bin:/usr/sbin:/sbin:/Library/Apple/usr/bin:/Users/nate/.cargo/bin:/usr/local/opt/go/libexec/bin:/Users/nate/Library/Android/sdk/emulator:/Users/nate/Library/Android/sdk/tools:/Users/nate/Library/Android/sdk/tools/bin:/Users/nate/Library/Android/sdk/platform-tools

Yarn version: 
  1.22.19

Node version: 
  19.6.0

Platform: 
  darwin arm64

Trace: 
  Error: https://registry.yarnpkg.com/rot.js: Not found
      at params.callback [as _callback] (/opt/homebrew/Cellar/yarn/1.22.19/libexec/lib/cli.js:66145:18)
      at self.callback (/opt/homebrew/Cellar/yarn/1.22.19/libexec/lib/cli.js:140890:22)
      at Request.emit (node:events:512:28)
      at Request.<anonymous> (/opt/homebrew/Cellar/yarn/1.22.19/libexec/lib/cli.js:141862:10)
      at Request.emit (node:events:512:28)
      at IncomingMessage.<anonymous> (/opt/homebrew/Cellar/yarn/1.22.19/libexec/lib/cli.js:141784:12)
      at Object.onceWrapper (node:events:626:28)
      at IncomingMessage.emit (node:events:524:35)
      at endReadableNT (node:internal/streams/readable:1359:12)
      at process.processTicksAndRejections (node:internal/process/task_queues:82:21)

npm manifest: 
  {
    "scripts": {
      "build": "webpack",
      "serve": "webpack-dev-server"
    },
    "devDependencies": {
      "html-webpack-plugin": "^5.5.0",
      "text-encoding": "^0.7.0",
      "webpack": "^5.78.0",
      "webpack-cli": "^5.0.1",
      "webpack-dev-server": "^4.13.2"
    }
  }

yarn manifest: 
  No manifest

Lockfile: 
  No lockfile
